{
  "RSpec": {
    "coverage": {
      "/Users/Toby/Developing/Projects/Course/makers-bnb/spec/features/sign_in_spec.rb": [
        1,
        null,
        1,
        1,
        null,
        null,
        null,
        null,
        1,
        1,
        0,
        null,
        null,
        null,
        null,
        null
      ],
      "/Users/Toby/Developing/Projects/Course/makers-bnb/spec/features/sign_out_spec.rb": [
        1,
        null,
        1,
        1,
        null,
        null,
        null,
        null,
        1,
        1,
        1,
        1,
        1,
        null,
        null,
        null
      ],
      "/Users/Toby/Developing/Projects/Course/makers-bnb/spec/features/user_signup_spec.rb": [
        1,
        1,
        1,
        1,
        null,
        null,
        1,
        2,
        null,
        null
      ]
    },
    "timestamp": 1467208598
  }
}
